Arguments: 
  C:\Program Files\nodejs\node.exe C:\Users\JLuca\AppData\Roaming\npm\node_modules\yarn\bin\yarn.js init

PATH: 
  "C:\Program Files\Java\jdk-16.0.2\bin;";C:\Program Files\Common Files\Oracle\Java\javapath;C:\Windows\system32;C:\Windows;C:\Windows\System32\Wbem;C:\Windows\System32\WindowsPowerShell\v1.0\;C:\Windows\System32\OpenSSH\;C:\Program Files (x86)\NVIDIA Corporation\PhysX\Common;C:\Program Files\NVIDIA Corporation\NVIDIA NvDLISR;C:\Program Files\Git\cmd;C:\WINDOWS\system32;C:\WINDOWS;C:\WINDOWS\System32\Wbem;C:\WINDOWS\System32\WindowsPowerShell\v1.0\;C:\WINDOWS\System32\OpenSSH\;C:\Program Files\dotnet\;C:\Program Files\PuTTY\;C:\Users\JLuca\AppData\Roaming\nvm;C:\Program Files\nodejs;C:\Program Files\MongoDB\Server\5.0\bin;C:\Program Files\Docker\Docker\resources\bin;C:\ProgramData\DockerDesktop\version-bin;C:\Ruby27-x64\bin;C:\Users\JLuca\AppData\Local\Microsoft\WindowsApps;C:\Users\JLuca\AppData\Local\Programs\Microsoft VS Code\bin;C:\Users\JLuca\AppData\Roaming\npm;C:\Users\JLuca\AppData\Roaming\npm;C:\Users\JLuca\AppData\Local\GitHubDesktop\bin;C:\Program Files (x86)\GitHub CLI\;C:\Users\JLuca\AppData\Local\Programs\mongosh\

Yarn version: 
  1.22.10

Node version: 
  10.0.0

Platform: 
  win32 x64

Trace: 
  Error: canceled
      at Interface.<anonymous> (C:\Users\JLuca\AppData\Roaming\npm\node_modules\yarn\lib\cli.js:136216:13)
      at Interface.emit (events.js:182:13)
      at Interface._ttyWrite (readline.js:778:16)
      at ReadStream.onkeypress (readline.js:163:10)
      at ReadStream.emit (events.js:182:13)
      at emitKeys (internal/readline.js:422:14)
      at emitKeys.next (<anonymous>)
      at ReadStream.onData (readline.js:1014:36)
      at ReadStream.emit (events.js:182:13)
      at addChunk (_stream_readable.js:280:12)

npm manifest: 
  No manifest

yarn manifest: 
  No manifest

Lockfile: 
  No lockfile
